{"/home/ahmedisam99/github/To-Do-list-epic-developers-/test.js":{"path":"/home/ahmedisam99/github/To-Do-list-epic-developers-/test.js","s":{"1":1,"2":1,"3":1,"4":1,"5":1,"6":1,"7":1,"8":1,"9":1,"10":1,"11":1,"12":1,"13":1,"14":1,"15":1,"16":1,"17":1,"18":1,"19":1,"20":1,"21":1,"22":1,"23":1,"24":1,"25":1,"26":1,"27":1,"28":1,"29":1,"30":1,"31":1,"32":1,"33":1,"34":1,"35":1,"36":1,"37":1,"38":1,"39":1,"40":1,"41":1,"42":1,"43":1,"44":1,"45":1,"46":1,"47":1},"b":{},"f":{"1":1,"2":1,"3":1,"4":1,"5":1},"fnMap":{"1":{"name":"(anonymous_1)","line":4,"loc":{"start":{"line":4,"column":29},"end":{"line":4,"column":41}}},"2":{"name":"(anonymous_2)","line":18,"loc":{"start":{"line":18,"column":40},"end":{"line":18,"column":52}}},"3":{"name":"(anonymous_3)","line":38,"loc":{"start":{"line":38,"column":26},"end":{"line":38,"column":38}}},"4":{"name":"(anonymous_4)","line":132,"loc":{"start":{"line":132,"column":22},"end":{"line":132,"column":34}}},"5":{"name":"(anonymous_5)","line":144,"loc":{"start":{"line":144,"column":22},"end":{"line":144,"column":34}}}},"statementMap":{"1":{"start":{"line":1,"column":0},"end":{"line":1,"column":27}},"2":{"start":{"line":2,"column":0},"end":{"line":2,"column":31}},"3":{"start":{"line":4,"column":0},"end":{"line":16,"column":3}},"4":{"start":{"line":5,"column":2},"end":{"line":5,"column":17}},"5":{"start":{"line":6,"column":2},"end":{"line":6,"column":53}},"6":{"start":{"line":7,"column":2},"end":{"line":13,"column":4}},"7":{"start":{"line":14,"column":2},"end":{"line":14,"column":60}},"8":{"start":{"line":15,"column":2},"end":{"line":15,"column":10}},"9":{"start":{"line":18,"column":0},"end":{"line":36,"column":3}},"10":{"start":{"line":19,"column":2},"end":{"line":25,"column":4}},"11":{"start":{"line":26,"column":2},"end":{"line":26,"column":44}},"12":{"start":{"line":27,"column":2},"end":{"line":33,"column":4}},"13":{"start":{"line":34,"column":2},"end":{"line":34,"column":60}},"14":{"start":{"line":35,"column":2},"end":{"line":35,"column":10}},"15":{"start":{"line":38,"column":0},"end":{"line":56,"column":3}},"16":{"start":{"line":39,"column":2},"end":{"line":45,"column":4}},"17":{"start":{"line":46,"column":2},"end":{"line":46,"column":44}},"18":{"start":{"line":47,"column":2},"end":{"line":53,"column":4}},"19":{"start":{"line":54,"column":2},"end":{"line":54,"column":54}},"20":{"start":{"line":55,"column":2},"end":{"line":55,"column":10}},"21":{"start":{"line":58,"column":0},"end":{"line":101,"column":3}},"22":{"start":{"line":59,"column":2},"end":{"line":70,"column":4}},"23":{"start":{"line":71,"column":2},"end":{"line":71,"column":40}},"24":{"start":{"line":72,"column":2},"end":{"line":83,"column":4}},"25":{"start":{"line":84,"column":2},"end":{"line":84,"column":53}},"26":{"start":{"line":86,"column":2},"end":{"line":86,"column":36}},"27":{"start":{"line":87,"column":2},"end":{"line":98,"column":4}},"28":{"start":{"line":99,"column":2},"end":{"line":99,"column":71}},"29":{"start":{"line":100,"column":2},"end":{"line":100,"column":10}},"30":{"start":{"line":103,"column":0},"end":{"line":131,"column":3}},"31":{"start":{"line":104,"column":2},"end":{"line":115,"column":4}},"32":{"start":{"line":116,"column":2},"end":{"line":116,"column":38}},"33":{"start":{"line":117,"column":2},"end":{"line":128,"column":4}},"34":{"start":{"line":129,"column":2},"end":{"line":129,"column":49}},"35":{"start":{"line":130,"column":2},"end":{"line":130,"column":10}},"36":{"start":{"line":132,"column":0},"end":{"line":142,"column":3}},"37":{"start":{"line":133,"column":2},"end":{"line":136,"column":4}},"38":{"start":{"line":137,"column":2},"end":{"line":137,"column":44}},"39":{"start":{"line":138,"column":2},"end":{"line":138,"column":70}},"40":{"start":{"line":140,"column":2},"end":{"line":140,"column":50}},"41":{"start":{"line":141,"column":2},"end":{"line":141,"column":10}},"42":{"start":{"line":144,"column":0},"end":{"line":160,"column":3}},"43":{"start":{"line":145,"column":2},"end":{"line":149,"column":4}},"44":{"start":{"line":151,"column":2},"end":{"line":154,"column":4}},"45":{"start":{"line":156,"column":2},"end":{"line":156,"column":44}},"46":{"start":{"line":158,"column":2},"end":{"line":158,"column":50}},"47":{"start":{"line":159,"column":2},"end":{"line":159,"column":10}}},"branchMap":{}}}