TN:
SF:/home/ahmedisam99/github/To-Do-list-epic-developers-/test.js
FN:4,(anonymous_1)
FN:18,(anonymous_2)
FN:38,(anonymous_3)
FN:132,(anonymous_4)
FN:144,(anonymous_5)
FNF:5
FNH:5
FNDA:1,(anonymous_1)
FNDA:1,(anonymous_2)
FNDA:1,(anonymous_3)
FNDA:1,(anonymous_4)
FNDA:1,(anonymous_5)
DA:1,1
DA:2,1
DA:4,1
DA:5,1
DA:6,1
DA:7,1
DA:14,1
DA:15,1
DA:18,1
DA:19,1
DA:26,1
DA:27,1
DA:34,1
DA:35,1
DA:38,1
DA:39,1
DA:46,1
DA:47,1
DA:54,1
DA:55,1
DA:58,1
DA:59,1
DA:71,1
DA:72,1
DA:84,1
DA:86,1
DA:87,1
DA:99,1
DA:100,1
DA:103,1
DA:104,1
DA:116,1
DA:117,1
DA:129,1
DA:130,1
DA:132,1
DA:133,1
DA:137,1
DA:138,1
DA:140,1
DA:141,1
DA:144,1
DA:145,1
DA:151,1
DA:156,1
DA:158,1
DA:159,1
LF:47
LH:47
BRF:0
BRH:0
end_of_record
